<?xml version="1.0" encoding="UTF-8"?>
<!-- Generated by org.testng.reporters.JUnitReportReporter -->
<testsuite hostname="DESKTOP-D44L6FM" failures="0" tests="3" name="SupplierTest" time="4.889" errors="0" timestamp="2024-06-05T10:49:54 CST" skipped="0">
  <testcase classname="SupplierTest" name="supplierTestNG" time="1.599"/>
  <testcase classname="SupplierTest" name="supplierJava" time="1.921"/>
  <testcase classname="SupplierTest" name="supplierSelenium" time="1.369"/>
</testsuite> <!-- SupplierTest -->
